build/app/outputs/mapping/release/seeds.txt
com.esportscrystal.esportscrystal.MainActivity: MainActivity()
com.esportscrystal.esportscrystal.MainActivity
...
com.google.android.gms.ads.AdActivity
androidx.core.content.ContextCompat$Api26Impl: android.content.ComponentName startForegroundService(android.content.Context,android.content.Intent)
com.dexterous.flutterlocalnotifications.models.Time: java.lang.String HOUR
com.dexterous.flutterlocalnotifications.FlutterLocalNotificationsPlugin: boolean hasInvalidLargeIcon(io.flutter.plugin.common.MethodChannel$Result,java.lang.Object,com.dexterous.flutterlocalnotifications.models.BitmapSource)
org.threeten.bp.Ser: java.lang.Object readResolve()
com.google.android.gms.measurement.AppMeasurement: int getMaxUserProperties(java.lang.String)
androidx.work.ListenableWorker: boolean isUsed()
com.google.android.gms.internal.ads.zzwa: com.google.android.gms.internal.ads.zzwo zzm
com.google.android.gms.common.zzn: android.os.Parcelable$Creator CREATOR
com.google.android.gms.internal.ads.zzena: com.google.android.gms.internal.ads.zzesf zzf
com.google.android.gms.internal.measurement.zzes: com.google.android.gms.internal.measurement.zzes zza
com.dexterous.flutterlocalnotifications.models.NotificationDetails: java.lang.String DATA_MIME_TYPE
com.google.gson.internal.bind.TypeAdapters$9
org.threeten.bp.chrono.ChronoZonedDateTimeImpl: java.lang.Object writeReplace()
com.google.android.gms.internal.ads.zzym: android.os.Parcelable$Creator CREATOR
com.google.android.gms.internal.ads.zzxt: com.google.android.gms.internal.ads.zzxt zzf
com.google.android.gms.internal.ads.zzeoz: com.google.android.gms.internal.ads.zzeoz zzf
com.google.android.gms.ads.admanager.AdManagerAdView: void setAdSizes(com.google.android.gms.ads.AdSize[])
com.dexterous.flutterlocalnotifications.models.NotificationDetails: java.lang.String ticker
org.threeten.bp.temporal.ChronoField: org.threeten.bp.temporal.ChronoField valueOf(java.lang.String)
com.google.android.gms.ads.mediation.Adapter: void loadBannerAd(com.google.android.gms.ads.mediation.MediationBannerAdConfiguration,com.google.android.gms.ads.mediation.MediationAdLoadCallback)
com.google.android.gms.internal.ads.zzeth: java.util.Map zzb
com.google.android.gms.internal.ads.zzeww: com.google.android.gms.internal.ads.zzeww zzh
com.google.android.gms.internal.measurement.zzfi: com.google.android.gms.internal.measurement.zzfi zza
com.google.android.gms.internal.ads.zzxx: int zzb
com.google.android.gms.internal.ads.zzvm: int zzi
com.dexterous.flutterlocalnotifications.FlutterLocalNotificationsPlugin: java.lang.String INVALID_ICON_ERROR_CODE
com.google.android.gms.ads.BaseAdView: void setOnPaidEventListener(com.google.android.gms.ads.OnPaidEventListener)
com.google.firebase.analytics.connector.internal.AnalyticsConnectorRegistrar
com.google.android.gms.internal.ads.zzexo: com.google.android.gms.internal.ads.zzewx zzg
com.dexterous.flutterlocalnotifications.FlutterLocalNotificationsPlugin: java.lang.String PAYLOAD
com.dexterous.flutterlocalnotifications.models.NotificationChannelDetails: java.lang.Boolean showBadge
org.threeten.bp.Month: org.threeten.bp.Month valueOf(java.lang.String)
io.flutter.plugins.firebase.core.FlutterFirebasePluginRegistry: com.google.android.gms.tasks.Task getPluginConstantsForFirebaseApp(com.google.firebase.FirebaseApp)
com.google.android.gms.internal.ads.zzwn: com.google.android.gms.internal.ads.zzwn[] values()
com.dexterous.flutterlocalnotifications.models.NotificationDetails: java.lang.Boolean allowWhileIdle
com.google.android.gms.internal.ads.zzyd
com.google.android.gms.internal.ads.zzdc: com.google.android.gms.internal.ads.zzetq zzaz
com.google.android.gms.internal.ads.zzcj: com.google.android.gms.internal.ads.zzcj[] values()
com.dexterous.flutterlocalnotifications.models.NotificationDetails
com.dexterous.flutterlocalnotifications.models.NotificationDetails: void readSoundInformation(com.dexterous.flutterlocalnotifications.models.NotificationDetails,java.util.Map)
io.flutter.embedding.engine.FlutterJNI: void dispatchSemanticsAction(int,int,java.nio.ByteBuffer,int)