build/app/outputs/mapping/release/mapping.txt
# compiler: R8
# compiler_version: 2.1.62
# min_api: 19
# pg_map_id: 837e300
# common_typos_disable
...
com.google.android.gms.internal.ads.zzamb -> com.google.android.gms.internal.ads.ta:
    void zzb(android.os.ParcelFileDescriptor) -> f1
com.google.android.gms.internal.ads.zzamc -> com.google.android.gms.internal.ads.ua:
    void zze(com.google.android.gms.internal.ads.zzalw,com.google.android.gms.internal.ads.zzamb) -> I3
com.google.android.gms.internal.ads.zzamd -> com.google.android.gms.internal.ads.va:
    com.google.android.gms.internal.ads.zzbcb zza -> i
    void zzb(android.os.ParcelFileDescriptor) -> f1
com.google.android.gms.internal.ads.zzame -> com.google.android.gms.internal.ads.wa:
    com.google.android.gms.internal.ads.zzalw zza -> a
    com.google.android.gms.internal.ads.zzefw zza(java.lang.Object) -> a
com.google.android.gms.internal.ads.zzamf -> com.google.android.gms.internal.ads.xa:
    com.google.android.gms.internal.ads.zzami zza -> i
com.google.android.gms.internal.ads.zzamg -> com.google.android.gms.internal.ads.ya:
    com.google.android.gms.internal.ads.zzami zzb -> j
    com.google.android.gms.internal.ads.zzbcb zza -> i
    void onConnectionSuspended(int) -> a
    void onConnected(android.os.Bundle) -> c
com.google.android.gms.internal.ads.zzamh -> com.google.android.gms.internal.ads.za:
    com.google.android.gms.internal.ads.zzbcb zza -> i
    void onConnectionFailed(com.google.android.gms.common.ConnectionResult) -> b
com.google.android.gms.internal.ads.zzami -> com.google.android.gms.internal.ads.ab:
    android.content.Context zzb -> b
    com.google.android.gms.internal.ads.zzalv zza -> a
    com.google.android.gms.internal.ads.zzy zza(com.google.android.gms.internal.ads.zzac) -> a
    void zzb(com.google.android.gms.internal.ads.zzami) -> b
    com.google.android.gms.internal.ads.zzalv zzc(com.google.android.gms.internal.ads.zzami) -> c
com.google.android.gms.internal.ads.zzamj -> com.google.android.gms.internal.ads.bb:
    java.lang.String zza -> i
    boolean zzb -> j
    int zzc -> k
    java.lang.String zzd -> l
com.google.android.gms.internal.ads.zzamk -> com.google.android.gms.internal.ads.cb:
com.google.android.gms.internal.ads.zzaml -> com.google.android.gms.internal.ads.db:
    void zzf(java.lang.String) -> p
com.google.android.gms.internal.ads.zzamm -> com.google.android.gms.internal.ads.eb:
    boolean zzbA(int,android.os.Parcel,android.os.Parcel,int) -> o5
    com.google.android.gms.internal.ads.zzamn zzb(android.os.IBinder) -> p5
com.google.android.gms.internal.ads.zzamn -> com.google.android.gms.internal.ads.fb:
    void zze() -> c
    void zzf(java.lang.String) -> p
com.google.android.gms.internal.ads.zzamo -> com.google.android.gms.internal.ads.gb:
    void zzb(java.util.List) -> J2
com.google.android.gms.internal.ads.zzamp -> com.google.android.gms.internal.ads.hb:
    boolean zzbA(int,android.os.Parcel,android.os.Parcel,int) -> o5
    com.google.android.gms.internal.ads.zzamq zzc(android.os.IBinder) -> p5
com.google.android.gms.internal.ads.zzamq -> com.google.android.gms.internal.ads.ib:
    void zzb(java.util.List) -> J2
com.google.android.gms.internal.ads.zzamr -> com.google.android.gms.internal.ads.jb:
    com.google.android.gms.ads.initialization.AdapterStatus$State zza -> a
    java.lang.String zzb -> b
    int zzc -> c
    java.lang.String getDescription() -> a
    com.google.android.gms.ads.initialization.AdapterStatus$State getInitializationState() -> b
    int getLatency() -> c
com.google.android.gms.internal.ads.zzams -> com.google.android.gms.internal.ads.kb:
    java.util.Map zza -> a
    java.util.Map getAdapterStatusMap() -> a
com.google.android.gms.internal.ads.zzamt -> com.google.android.gms.internal.ads.lb:
    java.lang.String zza -> i
    android.os.Bundle zzb -> j
com.google.android.gms.internal.ads.zzamu -> com.google.android.gms.internal.ads.mb:
com.google.android.gms.internal.ads.zzamv -> com.google.android.gms.internal.ads.nb:
    int zzd -> l
    int zzb -> j
    java.lang.String zzc -> k
    int zza -> i