build/app/outputs/mapping/release/usage.txt
com.esportscrystal.esportscrystal.R$mipmap
com.esportscrystal.esportscrystal.R$drawable
com.esportscrystal.esportscrystal.R$string
com.esportscrystal.esportscrystal.R$raw
com.esportscrystal.esportscrystal.R
com.esportscrystal.esportscrystal.R$bool
com.esportscrystal.esportscrystal.R$integer
com.esportscrystal.esportscrystal.R$layout
com.esportscrystal.esportscrystal.BuildConfig
com.esportscrystal.esportscrystal.R$style
com.esportscrystal.esportscrystal.R$attr
com.esportscrystal.esportscrystal.R$id
com.esportscrystal.esportscrystal.R$dimen
com.esportscrystal.esportscrystal.R$styleable
com.esportscrystal.esportscrystal.R$color
...
kotlin.LateinitKt
com.google.android.gms.tasks.zzk:
    public final void cancel()
com.google.android.gms.common.GoogleSourceStampsResult
com.google.common.collect.Maps$Values
kotlin.jvm.internal.Ref$LongRef
com.google.android.gms.internal.consent_sdk.zzm
com.google.common.cache.LoadingCache
io.flutter.embedding.engine.plugins.shim.ShimRegistrar
com.google.android.gms.internal.consent_sdk.zzca
androidx.work.impl.utils.ForceStopRunnable:
    static final java.lang.String ACTION_FORCE_STOP_RESCHEDULE
    private static final int ALARM_ID
com.google.common.collect.MapMakerInternalMap$WriteThroughEntry
androidx.collection.LruCache:
    public void resize(int)
    public final void evictAll()
    public final synchronized int size()
    public final synchronized int maxSize()
    public final synchronized int hitCount()
    public final synchronized int missCount()
    public final synchronized int createCount()
    public final synchronized int putCount()
    public final synchronized int evictionCount()
kotlin.reflect.KMutableProperty2
androidx.customview.R$attr
com.google.gson.JsonNull:
    public com.google.gson.JsonNull deepCopy()
    public synthetic bridge com.google.gson.JsonElement deepCopy()
kotlin.jvm.Strictfp
io.flutter.plugins.firebase.core.R$dimen
androidx.work.impl.WorkDatabaseMigrations:
    private void <init>()
    public static final int VERSION_1
    public static final int VERSION_2
    public static final int VERSION_3
    public static final int VERSION_4
    public static final int VERSION_5
    public static final int VERSION_6
    private static final java.lang.String CREATE_SYSTEM_ID_INFO
    private static final java.lang.String MIGRATE_ALARM_INFO_TO_SYSTEM_ID_INFO
    private static final java.lang.String PERIODIC_WORK_SET_SCHEDULE_REQUESTED_AT
    private static final java.lang.String REMOVE_ALARM_INFO
    private static final java.lang.String WORKSPEC_ADD_TRIGGER_UPDATE_DELAY
    private static final java.lang.String WORKSPEC_ADD_TRIGGER_MAX_CONTENT_DELAY
androidx.work.ListenableWorker$Result:
    public static androidx.work.ListenableWorker$Result failure(androidx.work.Data)
androidx.lifecycle.ReportFragment
com.google.common.collect.MapMakerInternalMap$Segment
com.google.common.collect.MultimapBuilder$MultimapBuilderWithKeys$5
com.google.common.base.Utf8
com.google.common.reflect.Types$1
io.flutter.plugins.googlemobileads.R$id
com.google.common.collect.AbstractBiMap$ValueSet
com.google.gson.internal.LinkedTreeMap:
    private java.lang.Object writeReplace()
org.threeten.bp.Clock:
    public static org.threeten.bp.Clock systemUTC()
    public static org.threeten.bp.Clock systemDefaultZone()
    public static org.threeten.bp.Clock tickSeconds(org.threeten.bp.ZoneId)
    public static org.threeten.bp.Clock tickMinutes(org.threeten.bp.ZoneId)
    public static org.threeten.bp.Clock tick(org.threeten.bp.Clock,org.threeten.bp.Duration)
    public static org.threeten.bp.Clock fixed(org.threeten.bp.Instant,org.threeten.bp.ZoneId)
    public static org.threeten.bp.Clock offset(org.threeten.bp.Clock,org.threeten.bp.Duration)
    public abstract org.threeten.bp.Clock withZone(org.threeten.bp.ZoneId)
    public long millis()
    public boolean equals(java.lang.Object)
    public int hashCode()
com.google.android.gms.internal.ads.zzzt
com.google.common.primitives.ImmutableIntArray
androidx.media.MediaSessionManager$RemoteUserInfoImpl
com.google.ads.mediation.customevent.CustomEventBannerListener:
    public abstract void onReceivedAd(android.view.View)
    public abstract void onClick()
com.google.common.collect.NullsLastOrdering
com.google.common.collect.AbstractIterator$1
com.google.common.hash.BloomFilter$Strategy
com.google.common.reflect.MutableTypeToInstanceMap
com.google.android.gms.ads.nativead.NativeAdViewHolder
kotlin.random.XorWowRandom
com.google.common.graph.Traverser$TreeTraverser
kotlin.jvm.internal.InlineMarker
androidx.activity.R$drawable
io.flutter.plugin.common.EventChannel